2021-09-08 14:56:44.819  INFO [account-service,,,] 6984 --- [restartedMain] c.c.c.ConfigServicePropertySourceLocator : Fetching config from server at : http://localhost:9600
2021-09-08 14:56:48.158  INFO [account-service,,,] 6984 --- [restartedMain] c.c.c.ConfigServicePropertySourceLocator : Located environment: name=account-service, profiles=[default], label=null, version=0143c396476354287c37e51b0f7107a6c9a22342, state=null
2021-09-08 14:56:48.161  INFO [account-service,,,] 6984 --- [restartedMain] b.c.PropertySourceBootstrapConfiguration : Located property source: [BootstrapPropertySource {name='bootstrapProperties-configClient'}, BootstrapPropertySource {name='bootstrapProperties-https://github.com/unclejide1/fintechconfiguration/account-service.yml'}, BootstrapPropertySource {name='bootstrapProperties-https://github.com/unclejide1/fintechconfiguration/application.yml'}]
2021-09-08 14:56:48.255  INFO [account-service,,,] 6984 --- [restartedMain] c.j.a.AccountServiceApplication          : No active profile set, falling back to default profiles: default
2021-09-08 14:56:51.653  WARN [account-service,,,] 6984 --- [restartedMain] o.s.boot.actuate.endpoint.EndpointId     : Endpoint ID 'bus-env' contains invalid characters, please migrate to a valid format.
2021-09-08 14:56:52.104  INFO [account-service,,,] 6984 --- [restartedMain] .s.d.r.c.RepositoryConfigurationDelegate : Bootstrapping Spring Data JPA repositories in DEFERRED mode.
2021-09-08 14:56:52.335  INFO [account-service,,,] 6984 --- [restartedMain] .s.d.r.c.RepositoryConfigurationDelegate : Finished Spring Data repository scanning in 219ms. Found 5 JPA repository interfaces.
2021-09-08 14:56:52.477  WARN [account-service,,,] 6984 --- [restartedMain] o.s.boot.actuate.endpoint.EndpointId     : Endpoint ID 'bus-refresh' contains invalid characters, please migrate to a valid format.
2021-09-08 14:56:52.605  WARN [account-service,,,] 6984 --- [restartedMain] o.s.boot.actuate.endpoint.EndpointId     : Endpoint ID 'service-registry' contains invalid characters, please migrate to a valid format.
2021-09-08 14:56:52.782  WARN [account-service,,,] 6984 --- [restartedMain] o.s.boot.actuate.endpoint.EndpointId     : Endpoint ID 'hystrix.stream' contains invalid characters, please migrate to a valid format.
2021-09-08 14:56:53.278  INFO [account-service,,,] 6984 --- [restartedMain] o.s.cloud.context.scope.GenericScope     : BeanFactory id=7a791bec-56a1-3415-b924-09463d95a9ad
2021-09-08 14:56:53.513  INFO [account-service,,,] 6984 --- [restartedMain] faultConfiguringBeanFactoryPostProcessor : No bean named 'errorChannel' has been explicitly defined. Therefore, a default PublishSubscribeChannel will be created.
2021-09-08 14:56:53.522  INFO [account-service,,,] 6984 --- [restartedMain] faultConfiguringBeanFactoryPostProcessor : No bean named 'taskScheduler' has been explicitly defined. Therefore, a default ThreadPoolTaskScheduler will be created.
2021-09-08 14:56:53.531  INFO [account-service,,,] 6984 --- [restartedMain] faultConfiguringBeanFactoryPostProcessor : No bean named 'integrationHeaderChannelRegistry' has been explicitly defined. Therefore, a default DefaultHeaderChannelRegistry will be created.
2021-09-08 14:56:54.039  INFO [account-service,,,] 6984 --- [restartedMain] trationDelegate$BeanPostProcessorChecker : Bean 'org.springframework.security.access.expression.method.DefaultMethodSecurityExpressionHandler@41fd280e' of type [org.springframework.security.access.expression.method.DefaultMethodSecurityExpressionHandler] is not eligible for getting processed by all BeanPostProcessors (for example: not eligible for auto-proxying)
2021-09-08 14:56:54.069  INFO [account-service,,,] 6984 --- [restartedMain] trationDelegate$BeanPostProcessorChecker : Bean 'methodSecurityMetadataSource' of type [org.springframework.security.access.method.DelegatingMethodSecurityMetadataSource] is not eligible for getting processed by all BeanPostProcessors (for example: not eligible for auto-proxying)
2021-09-08 14:56:54.119  INFO [account-service,,,] 6984 --- [restartedMain] trationDelegate$BeanPostProcessorChecker : Bean 'integrationChannelResolver' of type [org.springframework.integration.support.channel.BeanFactoryChannelResolver] is not eligible for getting processed by all BeanPostProcessors (for example: not eligible for auto-proxying)
2021-09-08 14:56:54.129  INFO [account-service,,,] 6984 --- [restartedMain] trationDelegate$BeanPostProcessorChecker : Bean 'integrationDisposableAutoCreatedBeans' of type [org.springframework.integration.config.annotation.Disposables] is not eligible for getting processed by all BeanPostProcessors (for example: not eligible for auto-proxying)
2021-09-08 14:56:54.201  INFO [account-service,,,] 6984 --- [restartedMain] trationDelegate$BeanPostProcessorChecker : Bean 'org.springframework.integration.config.IntegrationManagementConfiguration' of type [org.springframework.integration.config.IntegrationManagementConfiguration] is not eligible for getting processed by all BeanPostProcessors (for example: not eligible for auto-proxying)
2021-09-08 14:56:54.233  INFO [account-service,,,] 6984 --- [restartedMain] trationDelegate$BeanPostProcessorChecker : Bean 'org.springframework.boot.autoconfigure.integration.IntegrationAutoConfiguration$IntegrationJmxConfiguration' of type [org.springframework.boot.autoconfigure.integration.IntegrationAutoConfiguration$IntegrationJmxConfiguration] is not eligible for getting processed by all BeanPostProcessors (for example: not eligible for auto-proxying)
2021-09-08 14:56:54.256  INFO [account-service,,,] 6984 --- [restartedMain] trationDelegate$BeanPostProcessorChecker : Bean 'org.springframework.boot.autoconfigure.jmx.JmxAutoConfiguration' of type [org.springframework.boot.autoconfigure.jmx.JmxAutoConfiguration] is not eligible for getting processed by all BeanPostProcessors (for example: not eligible for auto-proxying)
2021-09-08 14:56:54.266  INFO [account-service,,,] 6984 --- [restartedMain] trationDelegate$BeanPostProcessorChecker : Bean 'mbeanServer' of type [com.sun.jmx.mbeanserver.JmxMBeanServer] is not eligible for getting processed by all BeanPostProcessors (for example: not eligible for auto-proxying)
2021-09-08 14:56:55.600  INFO [account-service,,,] 6984 --- [restartedMain] o.s.b.w.embedded.tomcat.TomcatWebServer  : Tomcat initialized with port(s): 9800 (http)
2021-09-08 14:56:55.614  INFO [account-service,,,] 6984 --- [restartedMain] o.apache.catalina.core.StandardService   : Starting service [Tomcat]
2021-09-08 14:56:55.614  INFO [account-service,,,] 6984 --- [restartedMain] org.apache.catalina.core.StandardEngine  : Starting Servlet engine: [Apache Tomcat/9.0.35]
2021-09-08 14:56:55.904  INFO [account-service,,,] 6984 --- [restartedMain] o.a.c.c.C.[Tomcat].[localhost].[/]       : Initializing Spring embedded WebApplicationContext
2021-09-08 14:56:55.904  INFO [account-service,,,] 6984 --- [restartedMain] o.s.web.context.ContextLoader            : Root WebApplicationContext: initialization completed in 7601 ms
2021-09-08 14:56:56.217  WARN [account-service,,,] 6984 --- [restartedMain] c.n.c.sources.URLConfigurationSource     : No URLs will be polled as dynamic configuration sources.
2021-09-08 14:56:56.217  INFO [account-service,,,] 6984 --- [restartedMain] c.n.c.sources.URLConfigurationSource     : To enable URLs as dynamic configuration sources, define System property archaius.configurationSource.additionalUrls or make config.properties available on classpath.
2021-09-08 14:56:56.233  INFO [account-service,,,] 6984 --- [restartedMain] c.netflix.config.DynamicPropertyFactory  : DynamicPropertyFactory is initialized with configuration sources: com.netflix.config.ConcurrentCompositeConfiguration@3a4f7682
2021-09-08 14:56:56.887  WARN [account-service,,,] 6984 --- [restartedMain] JpaBaseConfiguration$JpaWebConfiguration : spring.jpa.open-in-view is enabled by default. Therefore, database queries may be performed during view rendering. Explicitly configure spring.jpa.open-in-view to disable this warning
2021-09-08 14:56:57.236  INFO [account-service,,,] 6984 --- [restartedMain] o.s.s.concurrent.ThreadPoolTaskExecutor  : Initializing ExecutorService 'applicationTaskExecutor'
2021-09-08 14:56:57.424  INFO [account-service,,,] 6984 --- [restartedMain] o.s.s.c.ThreadPoolTaskScheduler          : Initializing ExecutorService 'taskScheduler'
2021-09-08 14:56:57.561  INFO [account-service,,,] 6984 --- [task-1] o.hibernate.jpa.internal.util.LogHelper  : HHH000204: Processing PersistenceUnitInfo [name: default]
2021-09-08 14:56:57.650  INFO [account-service,,,] 6984 --- [task-1] org.hibernate.Version                    : HHH000412: Hibernate ORM core version 5.4.15.Final
2021-09-08 14:56:57.896  INFO [account-service,,,] 6984 --- [task-1] o.hibernate.annotations.common.Version   : HCANN000001: Hibernate Commons Annotations {5.1.0.Final}
2021-09-08 14:56:58.127  INFO [account-service,,,] 6984 --- [task-1] com.zaxxer.hikari.HikariDataSource       : HikariPool-1 - Starting...
2021-09-08 14:56:59.021  WARN [account-service,,,] 6984 --- [restartedMain] o.s.c.s.zipkin2.ZipkinAutoConfiguration  : Check result of the [org.springframework.cloud.sleuth.zipkin2.sender.RestTemplateSender@1e70b667] contains an error [CheckResult{ok=false, error=org.springframework.web.client.ResourceAccessException: I/O error on POST request for "http://localhost:9411/api/v2/spans": connect timed out; nested exception is java.net.SocketTimeoutException: connect timed out}]
2021-09-08 14:57:01.265  INFO [account-service,,,] 6984 --- [task-1] com.zaxxer.hikari.HikariDataSource       : HikariPool-1 - Start completed.
2021-09-08 14:57:01.306  INFO [account-service,,,] 6984 --- [task-1] org.hibernate.dialect.Dialect            : HHH000400: Using dialect: org.hibernate.dialect.MySQL8Dialect
2021-09-08 14:57:06.302  INFO [account-service,,,] 6984 --- [task-1] o.h.e.t.j.p.i.JtaPlatformInitiator       : HHH000490: Using JtaPlatform implementation: [org.hibernate.engine.transaction.jta.platform.internal.NoJtaPlatform]
2021-09-08 14:57:06.313  INFO [account-service,,,] 6984 --- [task-1] j.LocalContainerEntityManagerFactoryBean : Initialized JPA EntityManagerFactory for persistence unit 'default'
2021-09-08 14:57:08.022  WARN [account-service,,,] 6984 --- [task-2] o.s.b.d.a.OptionalLiveReloadServer       : Unable to start LiveReload server
2021-09-08 14:57:08.314  INFO [account-service,,,] 6984 --- [restartedMain] DeferredRepositoryInitializationListener : Triggering deferred initialization of Spring Data repositories…
2021-09-08 14:57:08.505  INFO [account-service,,,] 6984 --- [restartedMain] DeferredRepositoryInitializationListener : Spring Data repositories initialized!
2021-09-08 14:57:09.559  INFO [account-service,,,] 6984 --- [restartedMain] o.s.b.a.e.web.EndpointLinksResolver      : Exposing 2 endpoint(s) beneath base path '/actuator'
2021-09-08 14:57:09.819  INFO [account-service,,,] 6984 --- [restartedMain] pertySourcedRequestMappingHandlerMapping : Mapped URL path [/v2/api-docs] onto method [springfox.documentation.swagger2.web.Swagger2Controller#getDocumentation(String, HttpServletRequest)]
2021-09-08 14:57:10.226  INFO [account-service,,,] 6984 --- [restartedMain] o.s.s.web.DefaultSecurityFilterChain     : Creating filter chain: any request, [org.springframework.security.web.context.request.async.WebAsyncManagerIntegrationFilter@fe9ccd9, org.springframework.security.web.context.SecurityContextPersistenceFilter@519d927f, org.springframework.security.web.header.HeaderWriterFilter@525d3b8a, org.springframework.security.web.authentication.logout.LogoutFilter@3e744e0e, com.jide.accountservice.infrastructure.security.jwt.JwtAuthenticationFilter@477816af, org.springframework.security.web.savedrequest.RequestCacheAwareFilter@593ed6d1, org.springframework.security.web.servletapi.SecurityContextHolderAwareRequestFilter@fea9692, org.springframework.security.web.authentication.AnonymousAuthenticationFilter@4a6c102, org.springframework.security.web.session.SessionManagementFilter@3f970d96, org.springframework.security.web.access.ExceptionTranslationFilter@7f872fa3, org.springframework.security.web.access.intercept.FilterSecurityInterceptor@61c1623b]
2021-09-08 14:57:10.270  WARN [account-service,,,] 6984 --- [restartedMain] c.n.c.sources.URLConfigurationSource     : No URLs will be polled as dynamic configuration sources.
2021-09-08 14:57:10.270  INFO [account-service,,,] 6984 --- [restartedMain] c.n.c.sources.URLConfigurationSource     : To enable URLs as dynamic configuration sources, define System property archaius.configurationSource.additionalUrls or make config.properties available on classpath.
2021-09-08 14:57:11.389  INFO [account-service,,,] 6984 --- [restartedMain] onConfiguration$FunctionBindingRegistrar : Functional binding is disabled due to the presense of @EnableBinding annotation in your configuration
2021-09-08 14:57:13.351  WARN [account-service,,,] 6984 --- [restartedMain] ockingLoadBalancerClientRibbonWarnLogger : You already have RibbonLoadBalancerClient on your classpath. It will be used by default. As Spring Cloud Ribbon is in maintenance mode. We recommend switching to BlockingLoadBalancerClient instead. In order to use it, set the value of `spring.cloud.loadbalancer.ribbon.enabled` to `false` or remove spring-cloud-starter-netflix-ribbon from your project.
2021-09-08 14:57:15.808  INFO [account-service,,,] 6984 --- [restartedMain] o.s.c.s.m.DirectWithAttributesChannel    : Channel 'application-1.springCloudBusInput' has 1 subscriber(s).
2021-09-08 14:57:16.034  INFO [account-service,,,] 6984 --- [restartedMain] o.s.i.monitor.IntegrationMBeanExporter   : Registering MessageChannel springCloudBusInput
2021-09-08 14:57:16.198  INFO [account-service,,,] 6984 --- [restartedMain] o.s.i.monitor.IntegrationMBeanExporter   : Registering MessageChannel errorChannel
2021-09-08 14:57:16.283  INFO [account-service,,,] 6984 --- [restartedMain] o.s.i.monitor.IntegrationMBeanExporter   : Registering MessageChannel nullChannel
2021-09-08 14:57:16.312  INFO [account-service,,,] 6984 --- [restartedMain] o.s.i.monitor.IntegrationMBeanExporter   : Registering MessageChannel springCloudBusOutput
2021-09-08 14:57:16.349  INFO [account-service,,,] 6984 --- [restartedMain] o.s.i.monitor.IntegrationMBeanExporter   : Registering MessageHandler org.springframework.cloud.stream.binding.StreamListenerMessageHandler@368724b2
2021-09-08 14:57:16.512  INFO [account-service,,,] 6984 --- [restartedMain] o.s.i.monitor.IntegrationMBeanExporter   : Registering MessageHandler errorLogger
2021-09-08 14:57:16.582  INFO [account-service,,,] 6984 --- [restartedMain] o.s.i.endpoint.EventDrivenConsumer       : Adding {logging-channel-adapter:_org.springframework.integration.errorLogger} as a subscriber to the 'errorChannel' channel
2021-09-08 14:57:16.583  INFO [account-service,,,] 6984 --- [restartedMain] o.s.i.channel.PublishSubscribeChannel    : Channel 'application-1.errorChannel' has 1 subscriber(s).
2021-09-08 14:57:16.583  INFO [account-service,,,] 6984 --- [restartedMain] o.s.i.endpoint.EventDrivenConsumer       : started bean '_org.springframework.integration.errorLogger'
2021-09-08 14:57:16.586  INFO [account-service,,,] 6984 --- [restartedMain] o.s.c.s.binder.DefaultBinderFactory      : Creating binder: rabbit
2021-09-08 14:57:17.791  INFO [account-service,,,] 6984 --- [restartedMain] c.c.c.ConfigServicePropertySourceLocator : Fetching config from server at : http://localhost:9600
2021-09-08 14:57:20.418  INFO [account-service,,,] 6984 --- [restartedMain] c.c.c.ConfigServicePropertySourceLocator : Located environment: name=account-service, profiles=[default], label=null, version=0143c396476354287c37e51b0f7107a6c9a22342, state=null
2021-09-08 14:57:20.419  INFO [account-service,,,] 6984 --- [restartedMain] b.c.PropertySourceBootstrapConfiguration : Located property source: [BootstrapPropertySource {name='bootstrapProperties-configClient'}, BootstrapPropertySource {name='bootstrapProperties-https://github.com/unclejide1/fintechconfiguration/account-service.yml'}, BootstrapPropertySource {name='bootstrapProperties-https://github.com/unclejide1/fintechconfiguration/application.yml'}]
2021-09-08 14:57:20.789  INFO [account-service,,,] 6984 --- [restartedMain] DeferredRepositoryInitializationListener : Triggering deferred initialization of Spring Data repositories…
2021-09-08 14:57:20.791  INFO [account-service,,,] 6984 --- [restartedMain] DeferredRepositoryInitializationListener : Spring Data repositories initialized!
2021-09-08 14:57:20.802  INFO [account-service,,,] 6984 --- [restartedMain] o.s.c.s.binder.DefaultBinderFactory      : Caching the binder: rabbit
2021-09-08 14:57:20.802  INFO [account-service,,,] 6984 --- [restartedMain] o.s.c.s.binder.DefaultBinderFactory      : Retrieving cached binder: rabbit
2021-09-08 14:57:21.057  INFO [account-service,,,] 6984 --- [restartedMain] o.s.a.r.c.CachingConnectionFactory       : Attempting to connect to: [localhost:5672]
2021-09-08 14:57:21.134  INFO [account-service,,,] 6984 --- [restartedMain] o.s.a.r.c.CachingConnectionFactory       : Created new connection: rabbitConnectionFactory#3b6a742f:0/SimpleConnection@5fdb1bac [delegate=amqp://guest@127.0.0.1:5672/, localPort= 60162]
2021-09-08 14:57:21.225  INFO [account-service,,,] 6984 --- [restartedMain] o.s.c.s.m.DirectWithAttributesChannel    : Channel 'application-1.springCloudBusOutput' has 1 subscriber(s).
2021-09-08 14:57:21.257  INFO [account-service,,,] 6984 --- [restartedMain] o.s.c.n.eureka.InstanceInfoFactory       : Setting initial instance status as: STARTING
2021-09-08 14:57:21.329  INFO [account-service,,,] 6984 --- [restartedMain] com.netflix.discovery.DiscoveryClient    : Initializing Eureka in region us-east-1
2021-09-08 14:57:21.458  INFO [account-service,,,] 6984 --- [restartedMain] c.n.d.provider.DiscoveryJerseyProvider   : Using JSON encoding codec LegacyJacksonJson
2021-09-08 14:57:21.458  INFO [account-service,,,] 6984 --- [restartedMain] c.n.d.provider.DiscoveryJerseyProvider   : Using JSON decoding codec LegacyJacksonJson
2021-09-08 14:57:21.764  INFO [account-service,,,] 6984 --- [restartedMain] c.n.d.provider.DiscoveryJerseyProvider   : Using XML encoding codec XStreamXml
2021-09-08 14:57:21.764  INFO [account-service,,,] 6984 --- [restartedMain] c.n.d.provider.DiscoveryJerseyProvider   : Using XML decoding codec XStreamXml
2021-09-08 14:57:22.234  INFO [account-service,,,] 6984 --- [restartedMain] c.n.d.s.r.aws.ConfigClusterResolver      : Resolving eureka endpoints via configuration
